<?xml version="1.0" encoding="UTF-8"?>
<!-- Generated by org.testng.reporters.JUnitXMLReporter -->
<testsuite ignored="14" hostname="HQ-11393H840G5" failures="4" tests="30" name="Test" time="882.309" errors="0" timestamp="2023-02-19T15:31:21 PST">
  <testcase classname="com.jan23.commontests.Contacts" name="checkCancelButton" time="21.94"/>
  <testcase classname="com.jan23.commontests.Contacts" name="checksaveAndButton" time="11.747"/>
  <testcase classname="com.jan23.commontests.Contacts" name="createNewContact" time="21.723"/>
  <testcase classname="com.jan23.commontests.Contacts" name="errorMessageInNewView" time="20.336"/>
  <testcase classname="com.jan23.commontests.Contacts" name="myContactsView" time="12.715"/>
  <testcase classname="com.jan23.commontests.Contacts" name="newViewConactPage" time="21.642"/>
  <testcase classname="com.jan23.commontests.Contacts" name="recentContacts" time="12.571"/>
  <testcase classname="com.jan23.commontests.Contacts" name="viewContacts" time="12.219">
    <failure type="org.openqa.selenium.NoSuchElementException" message="no such element: Unable to locate element: {&amp;quot;method&amp;quot;:&amp;quot;xpath&amp;quot;,&amp;quot;selector&amp;quot;:&amp;quot;//table/tbody/tr[2]/th/a&amp;quot;}
  (Session info: chrome=109.0.5414.122)
For documentation on this error, please visit: https://www.seleniumhq.org/exceptions/no_such_element.html
Build info: version: &amp;apos;3.141.59&amp;apos;, revision: &amp;apos;e82be7d358&amp;apos;, time: &amp;apos;2018-11-14T08:17:03&amp;apos;
System info: host: &amp;apos;HQ-11393H840G5&amp;apos;, ip: &amp;apos;192.168.1.89&amp;apos;, os.name: &amp;apos;Windows 10&amp;apos;, os.arch: &amp;apos;amd64&amp;apos;, os.version: &amp;apos;10.0&amp;apos;, java.version: &amp;apos;17.0.5&amp;apos;
Driver info: org.openqa.selenium.chrome.ChromeDriver
Capabilities {acceptInsecureCerts: false, browserName: chrome, browserVersion: 109.0.5414.122, chrome: {chromedriverVersion: 109.0.5414.74 (e7c5703604da..., userDataDir: C:\Users\rkonyala\AppData\L...}, goog:chromeOptions: {debuggerAddress: localhost:56839}, javascriptEnabled: true, networkConnectionEnabled: false, pageLoadStrategy: normal, platform: WINDOWS, platformName: WINDOWS, proxy: Proxy(), setWindowRect: true, strictFileInteractability: false, timeouts: {implicit: 0, pageLoad: 300000, script: 30000}, unhandledPromptBehavior: dismiss and notify, webauthn:extension:credBlob: true, webauthn:extension:largeBlob: true, webauthn:virtualAuthenticators: true}
Session ID: 6de08f99d5c427487bd563eb1ac575ac
*** Element info: {Using=xpath, value=//table/tbody/tr[2]/th/a}">
      <![CDATA[org.openqa.selenium.NoSuchElementException: no such element: Unable to locate element: {"method":"xpath","selector":"//table/tbody/tr[2]/th/a"}
  (Session info: chrome=109.0.5414.122)
For documentation on this error, please visit: https://www.seleniumhq.org/exceptions/no_such_element.html
Build info: version: '3.141.59', revision: 'e82be7d358', time: '2018-11-14T08:17:03'
System info: host: 'HQ-11393H840G5', ip: '192.168.1.89', os.name: 'Windows 10', os.arch: 'amd64', os.version: '10.0', java.version: '17.0.5'
Driver info: org.openqa.selenium.chrome.ChromeDriver
Capabilities {acceptInsecureCerts: false, browserName: chrome, browserVersion: 109.0.5414.122, chrome: {chromedriverVersion: 109.0.5414.74 (e7c5703604da..., userDataDir: C:\Users\rkonyala\AppData\L...}, goog:chromeOptions: {debuggerAddress: localhost:56839}, javascriptEnabled: true, networkConnectionEnabled: false, pageLoadStrategy: normal, platform: WINDOWS, platformName: WINDOWS, proxy: Proxy(), setWindowRect: true, strictFileInteractability: false, timeouts: {implicit: 0, pageLoad: 300000, script: 30000}, unhandledPromptBehavior: dismiss and notify, webauthn:extension:credBlob: true, webauthn:extension:largeBlob: true, webauthn:virtualAuthenticators: true}
Session ID: 6de08f99d5c427487bd563eb1ac575ac
*** Element info: {Using=xpath, value=//table/tbody/tr[2]/th/a}
at org.openqa.selenium.remote.http.W3CHttpResponseCodec.createException(W3CHttpResponseCodec.java:187)
at org.openqa.selenium.remote.http.W3CHttpResponseCodec.decode(W3CHttpResponseCodec.java:122)
at org.openqa.selenium.remote.http.W3CHttpResponseCodec.decode(W3CHttpResponseCodec.java:49)
at org.openqa.selenium.remote.HttpCommandExecutor.execute(HttpCommandExecutor.java:158)
at org.openqa.selenium.remote.service.DriverCommandExecutor.execute(DriverCommandExecutor.java:83)
at org.openqa.selenium.remote.RemoteWebDriver.execute(RemoteWebDriver.java:552)
at org.openqa.selenium.remote.RemoteWebDriver.findElement(RemoteWebDriver.java:323)
at org.openqa.selenium.remote.RemoteWebDriver.findElementByXPath(RemoteWebDriver.java:428)
at org.openqa.selenium.By$ByXPath.findElement(By.java:353)
at org.openqa.selenium.remote.RemoteWebDriver.findElement(RemoteWebDriver.java:315)
at com.jan23.commontests.BaseTest.getText(BaseTest.java:140)
at com.jan23.commontests.Contacts.viewContacts(Contacts.java:141)
at java.base/java.util.ArrayList.forEach(ArrayList.java:1511)
... Removed 32 stack frames]]>
    </failure>
  </testcase> <!-- viewContacts -->
  <testcase classname="com.jan23.commontests.CreateAccount" name="createAccount" time="26.753"/>
  <testcase classname="com.jan23.commontests.CreateAccount" name="createAccountReport" time="23.064"/>
  <testcase classname="com.jan23.commontests.CreateAccount" name="createView" time="16.94"/>
  <testcase classname="com.jan23.commontests.CreateAccount" name="editView" time="26.853"/>
  <testcase classname="com.jan23.commontests.CreateAccount" name="mergeAccounts" time="45.721"/>
  <testcase classname="com.jan23.commontests.CreateOpty" name="create_A_new_opty" time="21.005"/>
  <testcase classname="com.jan23.commontests.CreateOpty" name="oppPipelineReport" time="13.883"/>
  <testcase classname="com.jan23.commontests.CreateOpty" name="opportunitiesDropDown" time="10.238"/>
  <testcase classname="com.jan23.commontests.CreateOpty" name="testQuarterlySummaryReport" time="14.456"/>
  <testcase classname="com.jan23.commontests.CreateOpty" name="test_stuck_opportunities_report" time="11.079"/>
  <testcase classname="com.jan23.commontests.Leads" name="checkLeadsTab" time="7.333"/>
  <testcase classname="com.jan23.commontests.Leads" name="goButton" time="32.321"/>
  <testcase classname="com.jan23.commontests.Leads" name="newLeads" time="13.372"/>
  <testcase classname="com.jan23.commontests.Leads" name="todaysLeadsWork" time="8.238">
    <failure type="org.openqa.selenium.StaleElementReferenceException" message="stale element reference: element is not attached to the page document
  (Session info: chrome=109.0.5414.122)
For documentation on this error, please visit: https://www.seleniumhq.org/exceptions/stale_element_reference.html
Build info: version: &amp;apos;3.141.59&amp;apos;, revision: &amp;apos;e82be7d358&amp;apos;, time: &amp;apos;2018-11-14T08:17:03&amp;apos;
System info: host: &amp;apos;HQ-11393H840G5&amp;apos;, ip: &amp;apos;192.168.1.89&amp;apos;, os.name: &amp;apos;Windows 10&amp;apos;, os.arch: &amp;apos;amd64&amp;apos;, os.version: &amp;apos;10.0&amp;apos;, java.version: &amp;apos;17.0.5&amp;apos;
Driver info: org.openqa.selenium.chrome.ChromeDriver
Capabilities {acceptInsecureCerts: false, browserName: chrome, browserVersion: 109.0.5414.122, chrome: {chromedriverVersion: 109.0.5414.74 (e7c5703604da..., userDataDir: C:\Users\rkonyala\AppData\L...}, goog:chromeOptions: {debuggerAddress: localhost:57605}, javascriptEnabled: true, networkConnectionEnabled: false, pageLoadStrategy: normal, platform: WINDOWS, platformName: WINDOWS, proxy: Proxy(), setWindowRect: true, strictFileInteractability: false, timeouts: {implicit: 0, pageLoad: 300000, script: 30000}, unhandledPromptBehavior: dismiss and notify, webauthn:extension:credBlob: true, webauthn:extension:largeBlob: true, webauthn:virtualAuthenticators: true}
Session ID: 9c5485e769a1eac90eb108248b226777
*** Element info: {Using=tag name, value=option}">
      <![CDATA[org.openqa.selenium.StaleElementReferenceException: stale element reference: element is not attached to the page document
  (Session info: chrome=109.0.5414.122)
For documentation on this error, please visit: https://www.seleniumhq.org/exceptions/stale_element_reference.html
Build info: version: '3.141.59', revision: 'e82be7d358', time: '2018-11-14T08:17:03'
System info: host: 'HQ-11393H840G5', ip: '192.168.1.89', os.name: 'Windows 10', os.arch: 'amd64', os.version: '10.0', java.version: '17.0.5'
Driver info: org.openqa.selenium.chrome.ChromeDriver
Capabilities {acceptInsecureCerts: false, browserName: chrome, browserVersion: 109.0.5414.122, chrome: {chromedriverVersion: 109.0.5414.74 (e7c5703604da..., userDataDir: C:\Users\rkonyala\AppData\L...}, goog:chromeOptions: {debuggerAddress: localhost:57605}, javascriptEnabled: true, networkConnectionEnabled: false, pageLoadStrategy: normal, platform: WINDOWS, platformName: WINDOWS, proxy: Proxy(), setWindowRect: true, strictFileInteractability: false, timeouts: {implicit: 0, pageLoad: 300000, script: 30000}, unhandledPromptBehavior: dismiss and notify, webauthn:extension:credBlob: true, webauthn:extension:largeBlob: true, webauthn:virtualAuthenticators: true}
Session ID: 9c5485e769a1eac90eb108248b226777
*** Element info: {Using=tag name, value=option}
at org.openqa.selenium.remote.http.W3CHttpResponseCodec.createException(W3CHttpResponseCodec.java:187)
at org.openqa.selenium.remote.http.W3CHttpResponseCodec.decode(W3CHttpResponseCodec.java:122)
at org.openqa.selenium.remote.http.W3CHttpResponseCodec.decode(W3CHttpResponseCodec.java:49)
at org.openqa.selenium.remote.HttpCommandExecutor.execute(HttpCommandExecutor.java:158)
at org.openqa.selenium.remote.service.DriverCommandExecutor.execute(DriverCommandExecutor.java:83)
at org.openqa.selenium.remote.RemoteWebDriver.execute(RemoteWebDriver.java:552)
at org.openqa.selenium.remote.RemoteWebElement.execute(RemoteWebElement.java:285)
at org.openqa.selenium.remote.RemoteWebElement.findElements(RemoteWebElement.java:204)
at org.openqa.selenium.remote.RemoteWebElement.findElementsByTagName(RemoteWebElement.java:281)
at org.openqa.selenium.By$ByTagName.findElements(By.java:312)
at org.openqa.selenium.remote.RemoteWebElement.findElements(RemoteWebElement.java:177)
at org.openqa.selenium.support.ui.Select.getOptions(Select.java:78)
at org.openqa.selenium.support.ui.Select.getFirstSelectedOption(Select.java:96)
at com.jan23.commontests.Leads.todaysLeadsWork(Leads.java:106)
at java.base/java.util.ArrayList.forEach(ArrayList.java:1511)
... Removed 32 stack frames]]>
    </failure>
  </testcase> <!-- todaysLeadsWork -->
  <testcase classname="com.jan23.commontests.Leads" name="validateViewDropDownList" time="7.164"/>
  <testcase classname="com.jan23.commontests.Randomscenarios" name="blockingCalEvent" time="32.103"/>
  <testcase classname="com.jan23.commontests.Randomscenarios" name="blockingCalEventWeekly" time="49.071"/>
  <testcase classname="com.jan23.commontests.Randomscenarios" name="openAlltab" time="6.225"/>
  <testcase classname="com.jan23.commontests.Randomscenarios" name="tabCustomization" time="46.184"/>
  <testcase classname="com.jan23.commontests.Randomscenarios" name="verifyEditedLName" time="10.417">
    <failure type="org.openqa.selenium.NoSuchElementException" message="no such element: Unable to locate element: {&amp;quot;method&amp;quot;:&amp;quot;xpath&amp;quot;,&amp;quot;selector&amp;quot;:&amp;quot;//h2[@id=&amp;quot;contactInfoTitle&amp;quot;]&amp;quot;}
  (Session info: chrome=109.0.5414.122)
For documentation on this error, please visit: https://www.seleniumhq.org/exceptions/no_such_element.html
Build info: version: &amp;apos;3.141.59&amp;apos;, revision: &amp;apos;e82be7d358&amp;apos;, time: &amp;apos;2018-11-14T08:17:03&amp;apos;
System info: host: &amp;apos;HQ-11393H840G5&amp;apos;, ip: &amp;apos;192.168.1.89&amp;apos;, os.name: &amp;apos;Windows 10&amp;apos;, os.arch: &amp;apos;amd64&amp;apos;, os.version: &amp;apos;10.0&amp;apos;, java.version: &amp;apos;17.0.5&amp;apos;
Driver info: org.openqa.selenium.chrome.ChromeDriver
Capabilities {acceptInsecureCerts: false, browserName: chrome, browserVersion: 109.0.5414.122, chrome: {chromedriverVersion: 109.0.5414.74 (e7c5703604da..., userDataDir: C:\Users\rkonyala\AppData\L...}, goog:chromeOptions: {debuggerAddress: localhost:57934}, javascriptEnabled: true, networkConnectionEnabled: false, pageLoadStrategy: normal, platform: WINDOWS, platformName: WINDOWS, proxy: Proxy(), setWindowRect: true, strictFileInteractability: false, timeouts: {implicit: 0, pageLoad: 300000, script: 30000}, unhandledPromptBehavior: dismiss and notify, webauthn:extension:credBlob: true, webauthn:extension:largeBlob: true, webauthn:virtualAuthenticators: true}
Session ID: ce5ba40b7d7343dbc84148598e5192ed
*** Element info: {Using=xpath, value=//h2[@id=&amp;quot;contactInfoTitle&amp;quot;]}">
      <![CDATA[org.openqa.selenium.NoSuchElementException: no such element: Unable to locate element: {"method":"xpath","selector":"//h2[@id="contactInfoTitle"]"}
  (Session info: chrome=109.0.5414.122)
For documentation on this error, please visit: https://www.seleniumhq.org/exceptions/no_such_element.html
Build info: version: '3.141.59', revision: 'e82be7d358', time: '2018-11-14T08:17:03'
System info: host: 'HQ-11393H840G5', ip: '192.168.1.89', os.name: 'Windows 10', os.arch: 'amd64', os.version: '10.0', java.version: '17.0.5'
Driver info: org.openqa.selenium.chrome.ChromeDriver
Capabilities {acceptInsecureCerts: false, browserName: chrome, browserVersion: 109.0.5414.122, chrome: {chromedriverVersion: 109.0.5414.74 (e7c5703604da..., userDataDir: C:\Users\rkonyala\AppData\L...}, goog:chromeOptions: {debuggerAddress: localhost:57934}, javascriptEnabled: true, networkConnectionEnabled: false, pageLoadStrategy: normal, platform: WINDOWS, platformName: WINDOWS, proxy: Proxy(), setWindowRect: true, strictFileInteractability: false, timeouts: {implicit: 0, pageLoad: 300000, script: 30000}, unhandledPromptBehavior: dismiss and notify, webauthn:extension:credBlob: true, webauthn:extension:largeBlob: true, webauthn:virtualAuthenticators: true}
Session ID: ce5ba40b7d7343dbc84148598e5192ed
*** Element info: {Using=xpath, value=//h2[@id="contactInfoTitle"]}
at org.openqa.selenium.remote.http.W3CHttpResponseCodec.createException(W3CHttpResponseCodec.java:187)
at org.openqa.selenium.remote.http.W3CHttpResponseCodec.decode(W3CHttpResponseCodec.java:122)
at org.openqa.selenium.remote.http.W3CHttpResponseCodec.decode(W3CHttpResponseCodec.java:49)
at org.openqa.selenium.remote.HttpCommandExecutor.execute(HttpCommandExecutor.java:158)
at org.openqa.selenium.remote.service.DriverCommandExecutor.execute(DriverCommandExecutor.java:83)
at org.openqa.selenium.remote.RemoteWebDriver.execute(RemoteWebDriver.java:552)
at org.openqa.selenium.remote.RemoteWebDriver.findElement(RemoteWebDriver.java:323)
at org.openqa.selenium.remote.RemoteWebDriver.findElementByXPath(RemoteWebDriver.java:428)
at org.openqa.selenium.By$ByXPath.findElement(By.java:353)
at org.openqa.selenium.remote.RemoteWebDriver.findElement(RemoteWebDriver.java:315)
at com.jan23.commontests.BaseTest.getText(BaseTest.java:140)
at com.jan23.commontests.Randomscenarios.verifyEditedLName(Randomscenarios.java:126)
at java.base/java.util.ArrayList.forEach(ArrayList.java:1511)
... Removed 32 stack frames]]>
    </failure>
  </testcase> <!-- verifyEditedLName -->
  <testcase classname="com.jan23.commontests.Randomscenarios" name="verifyFAndLName" time="6.346"/>
  <testcase classname="com.jan23.commontests.Randomscenarios" name="verifyMenuItems" time="0.0">
    <failure type="org.testng.TestNGException" message="
Cannot inject @Test annotated Method [verifyMenuItems] with [class java.lang.String, class java.lang.String].
For more information on native dependency injection please refer to https://testng.org/doc/documentation-main.html#native-dependency-injection">
      <![CDATA[org.testng.TestNGException: 
Cannot inject @Test annotated Method [verifyMenuItems] with [class java.lang.String, class java.lang.String].
For more information on native dependency injection please refer to https://testng.org/doc/documentation-main.html#native-dependency-injection
at java.base/java.util.ArrayList.forEach(ArrayList.java:1511)
... Removed 26 stack frames]]>
    </failure>
  </testcase> <!-- verifyMenuItems -->
  <testcase classname="com.jan23.commontests.BaseTest" name="@AfterTest teardownAfterTest" time="0.0">
    <ignored/>
  </testcase> <!-- @AfterTest teardownAfterTest -->
  <testcase classname="com.jan23.commontests.BaseTest" name="@BeforeTest setUpBeforeTest" time="0.0">
    <ignored/>
  </testcase> <!-- @BeforeTest setUpBeforeTest -->
  <testcase classname="com.jan23.commontests.BaseTest" name="@BeforeTest setUpBeforeTest" time="0.0">
    <ignored/>
  </testcase> <!-- @BeforeTest setUpBeforeTest -->
  <testcase classname="com.jan23.commontests.BaseTest" name="@BeforeTest setUpBeforeTest" time="0.0">
    <ignored/>
  </testcase> <!-- @BeforeTest setUpBeforeTest -->
  <testcase classname="com.jan23.commontests.BaseTest" name="@BeforeTest setUpBeforeTest" time="0.0">
    <ignored/>
  </testcase> <!-- @BeforeTest setUpBeforeTest -->
  <testcase classname="com.jan23.commontests.BaseTest" name="@AfterTest teardownAfterTest" time="0.0">
    <ignored/>
  </testcase> <!-- @AfterTest teardownAfterTest -->
  <testcase classname="com.jan23.commontests.BaseTest" name="@BeforeTest setUpBeforeTest" time="0.0">
    <ignored/>
  </testcase> <!-- @BeforeTest setUpBeforeTest -->
  <testcase classname="com.jan23.commontests.BaseTest" name="@AfterTest teardownAfterTest" time="0.0">
    <ignored/>
  </testcase> <!-- @AfterTest teardownAfterTest -->
  <testcase classname="com.jan23.commontests.BaseTest" name="@AfterTest teardownAfterTest" time="0.0">
    <ignored/>
  </testcase> <!-- @AfterTest teardownAfterTest -->
  <testcase classname="com.jan23.commontests.BaseTest" name="@AfterTest teardownAfterTest" time="0.0">
    <ignored/>
  </testcase> <!-- @AfterTest teardownAfterTest -->
  <testcase classname="com.jan23.commontests.BaseTest" name="@AfterTest teardownAfterTest" time="0.0">
    <ignored/>
  </testcase> <!-- @AfterTest teardownAfterTest -->
  <testcase classname="com.jan23.commontests.BaseTest" name="@AfterTest teardownAfterTest" time="0.0">
    <ignored/>
  </testcase> <!-- @AfterTest teardownAfterTest -->
  <testcase classname="com.jan23.commontests.BaseTest" name="@BeforeTest setUpBeforeTest" time="0.0">
    <ignored/>
  </testcase> <!-- @BeforeTest setUpBeforeTest -->
  <testcase classname="com.jan23.commontests.BaseTest" name="@BeforeTest setUpBeforeTest" time="0.0">
    <ignored/>
  </testcase> <!-- @BeforeTest setUpBeforeTest -->
</testsuite> <!-- Test -->
